# JRE version: OpenJDK Runtime Environment (8.0_242-b01) (build 1.8.0_242-release-1644-b01)
# Java VM: OpenJDK 64-Bit Server VM (25.242-b01 mixed mode windows-amd64 compressed oops)
Heap:
 PSYoungGen      total 578048K, used 514375K [0x00000000d5580000, 0x0000000100000000, 0x0000000100000000)
  eden space 478720K, 100% used [0x00000000d5580000,0x00000000f2900000,0x00000000f2900000)
  from space 99328K, 35% used [0x00000000f2900000,0x00000000f4bd1f50,0x00000000f8a00000)
  to   space 93696K, 40% used [0x00000000fa480000,0x00000000fc947928,0x0000000100000000)
 ParOldGen       total 1398272K, used 520564K [0x0000000080000000, 0x00000000d5580000, 0x00000000d5580000)
  object space 1398272K, 37% used [0x0000000080000000,0x000000009fc5d020,0x00000000d5580000)
 Metaspace       used 192834K, capacity 204206K, committed 204760K, reserved 1226752K
  class space    used 24514K, capacity 26772K, committed 26880K, reserved 1048576K
GC Heap History (10 events):
Event: 618.049 GC heap after
Heap after GC invocations=57 (full 6):
 PSYoungGen      total 613888K, used 76878K [0x00000000d5580000, 0x0000000100000000, 0x0000000100000000)
  eden space 536576K, 0% used [0x00000000d5580000,0x00000000d5580000,0x00000000f6180000)
  from space 77312K, 99% used [0x00000000f6180000,0x00000000fac93ba8,0x00000000fad00000)
  to   space 84992K, 0% used [0x00000000fad00000,0x00000000fad00000,0x0000000100000000)
 ParOldGen       total 604160K, used 424834K [0x0000000080000000, 0x00000000a4e00000, 0x00000000d5580000)
  object space 604160K, 70% used [0x0000000080000000,0x0000000099ee0958,0x00000000a4e00000)
 Metaspace       used 174141K, capacity 183492K, committed 186968K, reserved 1212416K
  class space    used 22129K, capacity 23970K, committed 24704K, reserved 1048576K
}
Event: 620.449 GC heap before
{Heap before GC invocations=58 (full 6):
 PSYoungGen      total 613888K, used 613454K [0x00000000d5580000, 0x0000000100000000, 0x0000000100000000)
  eden space 536576K, 100% used [0x00000000d5580000,0x00000000f6180000,0x00000000f6180000)
  from space 77312K, 99% used [0x00000000f6180000,0x00000000fac93ba8,0x00000000fad00000)
  to   space 84992K, 0% used [0x00000000fad00000,0x00000000fad00000,0x0000000100000000)
 ParOldGen       total 604160K, used 424834K [0x0000000080000000, 0x00000000a4e00000, 0x00000000d5580000)
  object space 604160K, 70% used [0x0000000080000000,0x0000000099ee0958,0x00000000a4e00000)
 Metaspace       used 174184K, capacity 183556K, committed 186968K, reserved 1212416K
  class space    used 22130K, capacity 23970K, committed 24704K, reserved 1048576K
Event: 620.490 GC heap after
Heap after GC invocations=58 (full 6):
 PSYoungGen      total 556544K, used 84984K [0x00000000d5580000, 0x0000000100000000, 0x0000000100000000)
  eden space 471552K, 0% used [0x00000000d5580000,0x00000000d5580000,0x00000000f2200000)
  from space 84992K, 99% used [0x00000000fad00000,0x00000000ffffe0c8,0x0000000100000000)
  to   space 113664K, 0% used [0x00000000f2200000,0x00000000f2200000,0x00000000f9100000)
 ParOldGen       total 604160K, used 441731K [0x0000000080000000, 0x00000000a4e00000, 0x00000000d5580000)
  object space 604160K, 73% used [0x0000000080000000,0x000000009af60d28,0x00000000a4e00000)
 Metaspace       used 174184K, capacity 183556K, committed 186968K, reserved 1212416K
  class space    used 22130K, capacity 23970K, committed 24704K, reserved 1048576K
}
Event: 683.269 GC heap before
{Heap before GC invocations=59 (full 6):
 PSYoungGen      total 556544K, used 556536K [0x00000000d5580000, 0x0000000100000000, 0x0000000100000000)
  eden space 471552K, 100% used [0x00000000d5580000,0x00000000f2200000,0x00000000f2200000)
  from space 84992K, 99% used [0x00000000fad00000,0x00000000ffffe0c8,0x0000000100000000)
  to   space 113664K, 0% used [0x00000000f2200000,0x00000000f2200000,0x00000000f9100000)
 ParOldGen       total 604160K, used 441731K [0x0000000080000000, 0x00000000a4e00000, 0x00000000d5580000)
  object space 604160K, 73% used [0x0000000080000000,0x000000009af60d28,0x00000000a4e00000)
 Metaspace       used 178067K, capacity 188024K, committed 190936K, reserved 1214464K
  class space    used 22605K, capacity 24601K, committed 25344K, reserved 1048576K
Event: 683.317 GC heap after
Heap after GC invocations=59 (full 6):
 PSYoungGen      total 585216K, used 29549K [0x00000000d5580000, 0x0000000100000000, 0x0000000100000000)
  eden space 471552K, 0% used [0x00000000d5580000,0x00000000d5580000,0x00000000f2200000)
  from space 113664K, 25% used [0x00000000f2200000,0x00000000f3edb568,0x00000000f9100000)
  to   space 106496K, 0% used [0x00000000f9800000,0x00000000f9800000,0x0000000100000000)
 ParOldGen       total 604160K, used 488293K [0x0000000080000000, 0x00000000a4e00000, 0x00000000d5580000)
  object space 604160K, 80% used [0x0000000080000000,0x000000009dcd96a0,0x00000000a4e00000)
 Metaspace       used 178067K, capacity 188024K, committed 190936K, reserved 1214464K
  class space    used 22605K, capacity 24601K, committed 25344K, reserved 1048576K
}
Event: 699.433 GC heap before
{Heap before GC invocations=60 (full 6):
 PSYoungGen      total 585216K, used 501101K [0x00000000d5580000, 0x0000000100000000, 0x0000000100000000)
  eden space 471552K, 100% used [0x00000000d5580000,0x00000000f2200000,0x00000000f2200000)
  from space 113664K, 25% used [0x00000000f2200000,0x00000000f3edb568,0x00000000f9100000)
  to   space 106496K, 0% used [0x00000000f9800000,0x00000000f9800000,0x0000000100000000)
 ParOldGen       total 604160K, used 488293K [0x0000000080000000, 0x00000000a4e00000, 0x00000000d5580000)
  object space 604160K, 80% used [0x0000000080000000,0x000000009dcd96a0,0x00000000a4e00000)
 Metaspace       used 185052K, capacity 195076K, committed 197720K, reserved 1220608K
  class space    used 23360K, capacity 25381K, committed 25984K, reserved 1048576K
Event: 699.451 GC heap after
Heap after GC invocations=60 (full 6):
 PSYoungGen      total 563712K, used 31802K [0x00000000d5580000, 0x00000000feb00000, 0x0000000100000000)
  eden space 478720K, 0% used [0x00000000d5580000,0x00000000d5580000,0x00000000f2900000)
  from space 84992K, 37% used [0x00000000f9800000,0x00000000fb70e908,0x00000000feb00000)
  to   space 99328K, 0% used [0x00000000f2900000,0x00000000f2900000,0x00000000f8a00000)
 ParOldGen       total 604160K, used 503026K [0x0000000080000000, 0x00000000a4e00000, 0x00000000d5580000)
  object space 604160K, 83% used [0x0000000080000000,0x000000009eb3c9c0,0x00000000a4e00000)
 Metaspace       used 185052K, capacity 195076K, committed 197720K, reserved 1220608K
  class space    used 23360K, capacity 25381K, committed 25984K, reserved 1048576K
}
Event: 702.908 GC heap before
{Heap before GC invocations=61 (full 6):
 PSYoungGen      total 563712K, used 510522K [0x00000000d5580000, 0x00000000feb00000, 0x0000000100000000)
  eden space 478720K, 100% used [0x00000000d5580000,0x00000000f2900000,0x00000000f2900000)
  from space 84992K, 37% used [0x00000000f9800000,0x00000000fb70e908,0x00000000feb00000)
  to   space 99328K, 0% used [0x00000000f2900000,0x00000000f2900000,0x00000000f8a00000)
 ParOldGen       total 604160K, used 503026K [0x0000000080000000, 0x00000000a4e00000, 0x00000000d5580000)
  object space 604160K, 83% used [0x0000000080000000,0x000000009eb3c9c0,0x00000000a4e00000)
 Metaspace       used 192816K, capacity 204138K, committed 204504K, reserved 1226752K
  class space    used 24513K, capacity 26772K, committed 26880K, reserved 1048576K
Event: 702.928 GC heap after
Heap after GC invocations=61 (full 6):
 PSYoungGen      total 578048K, used 35655K [0x00000000d5580000, 0x0000000100000000, 0x0000000100000000)
  eden space 478720K, 0% used [0x00000000d5580000,0x00000000d5580000,0x00000000f2900000)
  from space 99328K, 35% used [0x00000000f2900000,0x00000000f4bd1f50,0x00000000f8a00000)
  to   space 93696K, 0% used [0x00000000fa480000,0x00000000fa480000,0x0000000100000000)
 ParOldGen       total 604160K, used 520539K [0x0000000080000000, 0x00000000a4e00000, 0x00000000d5580000)
  object space 604160K, 86% used [0x0000000080000000,0x000000009fc56f58,0x00000000a4e00000)
 Metaspace       used 192816K, capacity 204138K, committed 204504K, reserved 1226752K
  class space    used 24513K, capacity 26772K, committed 26880K, reserved 1048576K
}
Event: 703.454 GC heap before
{Heap before GC invocations=62 (full 6):
 PSYoungGen      total 578048K, used 514375K [0x00000000d5580000, 0x0000000100000000, 0x0000000100000000)
  eden space 478720K, 100% used [0x00000000d5580000,0x00000000f2900000,0x00000000f2900000)
  from space 99328K, 35% used [0x00000000f2900000,0x00000000f4bd1f50,0x00000000f8a00000)
  to   space 93696K, 0% used [0x00000000fa480000,0x00000000fa480000,0x0000000100000000)
 ParOldGen       total 604160K, used 520556K [0x0000000080000000, 0x00000000a4e00000, 0x00000000d5580000)
  object space 604160K, 86% used [0x0000000080000000,0x000000009fc5b020,0x00000000a4e00000)
 Metaspace       used 192834K, capacity 204206K, committed 204760K, reserved 1226752K
  class space    used 24514K, capacity 26772K, committed 26880K, reserved 1048576K

